This is pdfTeX, Version 3.141592653-2.6-1.40.29 (MiKTeX 26.2) (preloaded format=pdflatex 2026.4.7)  29 APR 2026 09:54
entering extended mode
 restricted \write18 enabled.
 %&-line parsing enabled.
**./notes-on-carmo.tex
(notes-on-carmo.tex
LaTeX2e <2023-11-01> patch level 1
L3 programming layer <2026-01-19>
(C:\Users\Kevin\AppData\Local\Programs\MiKTeX\tex/latex/base\article.cls
Document Class: article 2023/05/17 v1.4n Standard LaTeX document class
(C:\Users\Kevin\AppData\Local\Programs\MiKTeX\tex/latex/base\size10.clo
File: size10.clo 2023/05/17 v1.4n Standard LaTeX file (size option)
)
\c@part=\count199
\c@section=\count266
\c@subsection=\count267
\c@subsubsection=\count268
\c@paragraph=\count269
\c@subparagraph=\count270
\c@figure=\count271
\c@table=\count272
\abovecaptionskip=\skip48
\belowcaptionskip=\skip49
\bibindent=\dimen145
)
(C:\Users\Kevin\AppData\Local\Programs\MiKTeX\tex/latex/graphics\graphicx.sty
Package: graphicx 2024/12/31 v1.2e Enhanced LaTeX Graphics (DPC,SPQR)

(C:\Users\Kevin\AppData\Local\Programs\MiKTeX\tex/latex/graphics\keyval.sty
Package: keyval 2022/05/29 v1.15 key=value parser (DPC)
\KV@toks@=\toks17
)
(C:\Users\Kevin\AppData\Local\Programs\MiKTeX\tex/latex/graphics\graphics.sty
Package: graphics 2024/08/06 v1.4g Standard LaTeX Graphics (DPC,SPQR)

(C:\Users\Kevin\AppData\Local\Programs\MiKTeX\tex/latex/graphics\trig.sty
Package: trig 2023/12/02 v1.11 sin cos tan (DPC)
)
(C:\Users\Kevin\AppData\Local\Programs\MiKTeX\tex/latex/graphics-cfg\graphics.c
fg
File: graphics.cfg 2016/06/04 v1.11 sample graphics configuration
)
Package graphics Info: Driver file: pdftex.def on input line 106.

(C:\Users\Kevin\AppData\Local\Programs\MiKTeX\tex/latex/graphics-def\pdftex.def
File: pdftex.def 2025/09/29 v1.2d Graphics/color driver for pdftex
))
\Gin@req@height=\dimen146
\Gin@req@width=\dimen147
) (C:\Users\Kevin\AppData\Local\Programs\MiKTeX\tex/latex/amsmath\amsmath.sty
Package: amsmath 2025/07/09 v2.17z AMS math features
\@mathmargin=\skip50
For additional information on amsmath, use the `?' option.
(C:\Users\Kevin\AppData\Local\Programs\MiKTeX\tex/latex/amsmath\amstext.sty
Package: amstext 2024/11/17 v2.01 AMS text

(C:\Users\Kevin\AppData\Local\Programs\MiKTeX\tex/latex/amsmath\amsgen.sty
File: amsgen.sty 1999/11/30 v2.0 generic functions
\@emptytoks=\toks18
\ex@=\dimen148
))
(C:\Users\Kevin\AppData\Local\Programs\MiKTeX\tex/latex/amsmath\amsbsy.sty
Package: amsbsy 1999/11/29 v1.2d Bold Symbols
\pmbraise@=\dimen149
)
(C:\Users\Kevin\AppData\Local\Programs\MiKTeX\tex/latex/amsmath\amsopn.sty
Package: amsopn 2022/04/08 v2.04 operator names
)
\inf@bad=\count273
LaTeX Info: Redefining \frac on input line 233.
\uproot@=\count274
\leftroot@=\count275
LaTeX Info: Redefining \overline on input line 398.
LaTeX Info: Redefining \colon on input line 409.
\classnum@=\count276
\DOTSCASE@=\count277
LaTeX Info: Redefining \ldots on input line 495.
LaTeX Info: Redefining \dots on input line 498.
LaTeX Info: Redefining \cdots on input line 619.
\Mathstrutbox@=\box52
\strutbox@=\box53
LaTeX Info: Redefining \big on input line 721.
LaTeX Info: Redefining \Big on input line 722.
LaTeX Info: Redefining \bigg on input line 723.
LaTeX Info: Redefining \Bigg on input line 724.
\big@size=\dimen150
LaTeX Font Info:    Redeclaring font encoding OML on input line 742.
LaTeX Font Info:    Redeclaring font encoding OMS on input line 743.
\macc@depth=\count278
LaTeX Info: Redefining \bmod on input line 904.
LaTeX Info: Redefining \pmod on input line 909.
LaTeX Info: Redefining \smash on input line 939.
LaTeX Info: Redefining \relbar on input line 969.
LaTeX Info: Redefining \Relbar on input line 970.
\c@MaxMatrixCols=\count279
\dotsspace@=\muskip16
\c@parentequation=\count280
\dspbrk@lvl=\count281
\tag@help=\toks19
\row@=\count282
\column@=\count283
\maxfields@=\count284
\andhelp@=\toks20
\eqnshift@=\dimen151
\alignsep@=\dimen152
\tagshift@=\dimen153
\tagwidth@=\dimen154
\totwidth@=\dimen155
\lineht@=\dimen156
\@envbody=\toks21
\multlinegap=\skip51
\multlinetaggap=\skip52
\mathdisplay@stack=\toks22
LaTeX Info: Redefining \[ on input line 2950.
LaTeX Info: Redefining \] on input line 2951.
)
(C:\Users\Kevin\AppData\Local\Programs\MiKTeX\tex/latex/amsfonts\amssymb.sty
Package: amssymb 2013/01/14 v3.01 AMS font symbols

(C:\Users\Kevin\AppData\Local\Programs\MiKTeX\tex/latex/amsfonts\amsfonts.sty
Package: amsfonts 2013/01/14 v3.01 Basic AMSFonts support
\symAMSa=\mathgroup4
\symAMSb=\mathgroup5
LaTeX Font Info:    Redeclaring math symbol \hbar on input line 98.
LaTeX Font Info:    Overwriting math alphabet `\mathfrak' in version `bold'
(Font)                  U/euf/m/n --> U/euf/b/n on input line 106.
))
(C:\Users\Kevin\AppData\Local\Programs\MiKTeX\tex/latex/l3backend\l3backend-pdf
tex.def
File: l3backend-pdftex.def 2025-10-09 L3 backend support: PDF output (pdfTeX)
\l__color_backend_stack_int=\count285
)
No file notes-on-carmo.aux.
\openout1 = `notes-on-carmo.aux'.

LaTeX Font Info:    Checking defaults for OML/cmm/m/it on input line 20.
LaTeX Font Info:    ... okay on input line 20.
LaTeX Font Info:    Checking defaults for OMS/cmsy/m/n on input line 20.
LaTeX Font Info:    ... okay on input line 20.
LaTeX Font Info:    Checking defaults for OT1/cmr/m/n on input line 20.
LaTeX Font Info:    ... okay on input line 20.
LaTeX Font Info:    Checking defaults for T1/cmr/m/n on input line 20.
LaTeX Font Info:    ... okay on input line 20.
LaTeX Font Info:    Checking defaults for TS1/cmr/m/n on input line 20.
LaTeX Font Info:    ... okay on input line 20.
LaTeX Font Info:    Checking defaults for OMX/cmex/m/n on input line 20.
LaTeX Font Info:    ... okay on input line 20.
LaTeX Font Info:    Checking defaults for U/cmr/m/n on input line 20.
LaTeX Font Info:    ... okay on input line 20.

(C:\Users\Kevin\AppData\Local\Programs\MiKTeX\tex/context/base/mkii\supp-pdf.mk
ii
[Loading MPS to PDF converter (version 2006.09.02).]
\scratchcounter=\count286
\scratchdimen=\dimen157
\scratchbox=\box54
\nofMPsegments=\count287
\nofMParguments=\count288
\everyMPshowfont=\toks23
\MPscratchCnt=\count289
\MPscratchDim=\dimen158
\MPnumerator=\count290
\makeMPintoPDFobject=\count291
\everyMPtoPDFconversion=\toks24
)
(C:\Users\Kevin\AppData\Local\Programs\MiKTeX\tex/latex/epstopdf-pkg\epstopdf-b
ase.sty
Package: epstopdf-base 2020-01-24 v2.11 Base part for package epstopdf
Package epstopdf-base Info: Redefining graphics rule for `.eps' on input line 4
85.

(C:\Users\Kevin\AppData\Local\Programs\MiKTeX\tex/latex/00miktex\epstopdf-sys.c
fg
File: epstopdf-sys.cfg 2021/03/18 v2.0 Configuration of epstopdf for MiKTeX
))
LaTeX Font Info:    Trying to load font information for U+msa on input line 22.

 (C:\Users\Kevin\AppData\Local\Programs\MiKTeX\tex/latex/amsfonts\umsa.fd
File: umsa.fd 2013/01/14 v3.01 AMS symbols A
)
LaTeX Font Info:    Trying to load font information for U+msb on input line 22.


(C:\Users\Kevin\AppData\Local\Programs\MiKTeX\tex/latex/amsfonts\umsb.fd
File: umsb.fd 2013/01/14 v3.01 AMS symbols B
)
[1

{C:/Users/Kevin/AppData/Local/MiKTeX/fonts/map/pdftex/pdftex.map}] [2]
Overfull \hbox (6.15665pt too wide) in paragraph at lines 86--87
\OT1/cmr/m/n/10 Show that the tan-gent lines to the reg-u-lar pa-ram-e-ter-ized
 curve $\OML/cmm/m/it/10 \OT1/cmr/m/n/10 (\OML/cmm/m/it/10 t\OT1/cmr/m/n/10 ) 
= (3\OML/cmm/m/it/10 t; \OT1/cmr/m/n/10 3\OML/cmm/m/it/10 t[]; \OT1/cmr/m/n/10 
2\OML/cmm/m/it/10 t[]\OT1/cmr/m/n/10 )$
 []

[3] [4]
Overfull \hbox (16.47224pt too wide) in paragraph at lines 156--157
\OT1/cmr/m/n/10 ging it into the equa-tion of the line $\OML/cmm/m/it/10 OB[]$ 
\OT1/cmr/m/n/10 gets $\OML/cmm/m/it/10 y[] \OT1/cmr/m/n/10 = [] \OML/cmm/m/it/1
0 ^^R[] \OMS/cmsy/m/n/10 ^^A \OT1/cmr/m/n/10 2\OML/cmm/m/it/10 a [][] ^^R[] \OT
1/cmr/m/n/10 = 2\OML/cmm/m/it/10 a [] ^^R[] [] ^^R[]$\OT1/cmr/m/n/10 .
 []


Overfull \hbox (15.42366pt too wide) in paragraph at lines 163--165
\OT1/cmr/m/n/10 The dis-tance is $\OML/cmm/m/it/10 d[] \OT1/cmr/m/n/10 = 2\OML/
cmm/m/it/10 a []$\OT1/cmr/m/n/10 , and since $\OMS/cmsy/m/n/10 ^^@[] \OML/cmm/m
/it/10 < ^^R[] < []$\OT1/cmr/m/n/10 , $\OML/cmm/m/it/10 d[] \OT1/cmr/m/n/10 = 2
\OML/cmm/m/it/10 a [] ^^R[] [] ^^R[]$\OT1/cmr/m/n/10 . 
 []

[5] [6] [7]
Overfull \hbox (8.29832pt too wide) in paragraph at lines 278--279
\OT1/cmr/m/n/10 Let $\OML/cmm/m/it/10 a$ \OT1/cmr/m/n/10 and $\OML/cmm/m/it/10 
b$ \OT1/cmr/m/n/10 be con-stants sat-is-fy-ing $\OML/cmm/m/it/10 a > \OT1/cmr/m
/n/10 0$, $\OML/cmm/m/it/10 b < \OT1/cmr/m/n/10 0$ and let $\OML/cmm/m/it/10 \
OT1/cmr/m/n/10 (\OML/cmm/m/it/10 t\OT1/cmr/m/n/10 ) = (\OML/cmm/m/it/10 ae[] []
 t; ae[] [] t\OT1/cmr/m/n/10 )$,
 []

[8] [9] [10] [11] [12] [13] [14]
Overfull \hbox (36.18091pt too wide) in paragraph at lines 544--545
\OT1/cmr/m/n/10 Determine the ori-en-ta-tion of the ba-sis $\OMS/cmsy/m/n/10 f\
OT1/cmr/m/n/10 (1\OML/cmm/m/it/10 ; \OT1/cmr/m/n/10 3)\OML/cmm/m/it/10 ; \OT1/c
mr/m/n/10 (4\OML/cmm/m/it/10 ; \OT1/cmr/m/n/10 2)\OMS/cmsy/m/n/10 g$ \OT1/cmr/m
/n/10 in $\U/msb/m/n/10 R[]$ \OT1/cmr/m/n/10 and $\OMS/cmsy/m/n/10 f\OT1/cmr/m/
n/10 (1\OML/cmm/m/it/10 ; \OT1/cmr/m/n/10 3\OML/cmm/m/it/10 ; \OT1/cmr/m/n/10 5
)\OML/cmm/m/it/10 ; \OT1/cmr/m/n/10 (2\OML/cmm/m/it/10 ; \OT1/cmr/m/n/10 3\OML/
cmm/m/it/10 ; \OT1/cmr/m/n/10 7)\OML/cmm/m/it/10 ; \OT1/cmr/m/n/10 (4\OML/cmm/m
/it/10 ; \OT1/cmr/m/n/10 8\OML/cmm/m/it/10 ; \OT1/cmr/m/n/10 3)\OMS/cmsy/m/n/10
 g$
 []

[15] [16] [17] [18] [19] [20] [21] [22] [23] [24] [25]
Underfull \hbox (badness 10000) in paragraph at lines 1056--1057

 []

[26] [27]
Underfull \hbox (badness 10000) in paragraph at lines 1099--1100

 []

[28] [29] [30] [31] [32] [33] [34]
Overfull \hbox (9.93375pt too wide) detected at line 1403
[]
 []


Overfull \hbox (1.02846pt too wide) in paragraph at lines 1414--1415
[]\OT1/cmr/m/n/10 Without the as-sump-tion of pos-i-tive de-ter-mi-nant, the ve
c-tor prod-uct wouldn't
 []

[35]
Overfull \hbox (11.51765pt too wide) in paragraph at lines 1444--1445
\OT1/cmr/m/n/10 Let $\OML/cmm/m/it/10  \OT1/cmr/m/n/10 : \OML/cmm/m/it/10 I \O
MS/cmsy/m/n/10 ! \U/msb/m/n/10 R[]$ \OT1/cmr/m/n/10 be a reg-u-lar pa-ram-e-ter
-ized plane curve (with ar-bi-trary parametriza-
 []

[36] [37] [38] [39] [40]
Overfull \hbox (49.53625pt too wide) detected at line 1610
[]
 []


Overfull \hbox (46.54092pt too wide) detected at line 1620
[]
 []

[41] [42] [43]
Overfull \hbox (8.80768pt too wide) detected at line 1756
[]
 []

[44]
Overfull \hbox (24.76405pt too wide) in paragraph at lines 1795--1796
[]\OT1/cmr/m/n/10 Finally, the equa-tion for the os-cu-lat-ing plane at some po
int $\OML/cmm/m/it/10 q$ \OT1/cmr/m/n/10 is $[] \OMS/cmsy/m/n/10 ^^A
 []

[45]
Overfull \hbox (36.92366pt too wide) detected at line 1839
[]
 []

[46] [47]
Overfull \hbox (61.8342pt too wide) detected at line 1887
[]
 []


Overfull \hbox (61.27094pt too wide) detected at line 1915
[]
 []

[48] [49] [50]
Overfull \hbox (16.30898pt too wide) detected at line 2066
[]
 []

[51] [52] [53]
Overfull \hbox (8.95091pt too wide) detected at line 2171
[]
 []

[54] [55] [56]
Overfull \hbox (14.36226pt too wide) detected at line 2306
[]
 []

[57] [58] [59] [60]
Overfull \hbox (19.17267pt too wide) detected at line 2424
[]
 []


Overfull \hbox (7.5678pt too wide) detected at line 2433
[]
 []

[61] [62]
Overfull \hbox (2.47948pt too wide) in paragraph at lines 2487--2489
\OT1/cmr/m/n/10 Therefore, $\OML/cmm/m/it/10 ^^L[]\OT1/cmr/m/n/10 (\OML/cmm/m/i
t/10 s[]\OT1/cmr/m/n/10 ) = (0\OML/cmm/m/it/10 ; k[]\OT1/cmr/m/n/10 (\OML/cmm/m
/it/10 s[]\OT1/cmr/m/n/10 )\OML/cmm/m/it/10 ; \OT1/cmr/m/n/10 0)$ and $(\OML/cm
m/m/it/10 ^^Y \OMS/cmsy/m/n/10 ^^N \OML/cmm/m/it/10 ^^L\OT1/cmr/m/n/10 )[](\OML
/cmm/m/it/10 s[]\OT1/cmr/m/n/10 ) = []$. Reparametriz-
 []

[63] [64] [65] [66]
Overfull \hbox (9.42438pt too wide) in paragraph at lines 2625--2627
\OT1/cmr/m/n/10 The curve $\OML/cmm/m/it/10 C$\OT1/cmr/m/n/10 , given by $\OML/
cmm/m/it/10 []$\OT1/cmr/m/n/10 , must start at $(0\OML/cmm/m/it/10 ; s\OT1/cmr
/m/n/10 )$ and end at $(0\OML/cmm/m/it/10 ; \OT1/cmr/m/n/10 0)$. Be-ing paramet
rized
 []

[67] [68] (notes-on-carmo.aux)
 ***********
LaTeX2e <2023-11-01> patch level 1
L3 programming layer <2026-01-19>
 ***********
 ) 
Here is how much of TeX's memory you used:
 2552 strings out of 470262
 37190 string characters out of 5479433
 459775 words of memory out of 5000000
 29054 multiletter control sequences out of 15000+600000
 636549 words of font info for 74 fonts, out of 8000000 for 9000
 1141 hyphenation exceptions out of 8191
 57i,18n,65p,777b,220s stack positions out of 10000i,1000n,20000p,200000b,200000s
<C:/Users/Kevin/AppData/Local/Programs/MiKTeX/fonts/type1/public/amsfonts/cm/
cmbx10.pfb><C:/Users/Kevin/AppData/Local/Programs/MiKTeX/fonts/type1/public/ams
fonts/cm/cmbx12.pfb><C:/Users/Kevin/AppData/Local/Programs/MiKTeX/fonts/type1/p
ublic/amsfonts/cm/cmex10.pfb><C:/Users/Kevin/AppData/Local/Programs/MiKTeX/font
s/type1/public/amsfonts/cm/cmmi10.pfb><C:/Users/Kevin/AppData/Local/Programs/Mi
KTeX/fonts/type1/public/amsfonts/cm/cmmi5.pfb><C:/Users/Kevin/AppData/Local/Pro
grams/MiKTeX/fonts/type1/public/amsfonts/cm/cmmi7.pfb><C:/Users/Kevin/AppData/L
ocal/Programs/MiKTeX/fonts/type1/public/amsfonts/cm/cmr10.pfb><C:/Users/Kevin/A
ppData/Local/Programs/MiKTeX/fonts/type1/public/amsfonts/cm/cmr12.pfb><C:/Users
/Kevin/AppData/Local/Programs/MiKTeX/fonts/type1/public/amsfonts/cm/cmr17.pfb><
C:/Users/Kevin/AppData/Local/Programs/MiKTeX/fonts/type1/public/amsfonts/cm/cmr
5.pfb><C:/Users/Kevin/AppData/Local/Programs/MiKTeX/fonts/type1/public/amsfonts
/cm/cmr7.pfb><C:/Users/Kevin/AppData/Local/Programs/MiKTeX/fonts/type1/public/a
msfonts/cm/cmsy10.pfb><C:/Users/Kevin/AppData/Local/Programs/MiKTeX/fonts/type1
/public/amsfonts/cm/cmsy7.pfb><C:/Users/Kevin/AppData/Local/Programs/MiKTeX/fon
ts/type1/public/amsfonts/cm/cmti10.pfb><C:/Users/Kevin/AppData/Local/Programs/M
iKTeX/fonts/type1/public/amsfonts/symbols/msam10.pfb><C:/Users/Kevin/AppData/Lo
cal/Programs/MiKTeX/fonts/type1/public/amsfonts/symbols/msbm10.pfb>
Output written on notes-on-carmo.pdf (68 pages, 421302 bytes).
PDF statistics:
 301 PDF objects out of 1000 (max. 8388607)
 0 named destinations out of 1000 (max. 500000)
 1 words of extra memory for PDF output out of 10000 (max. 10000000)

